[0414/090605.401:ERROR:process_info.cc(343)] VirtualQueryEx: Access is denied. (0x5)
[0414/090605.407:ERROR:process_info.cc(564)] ReadMemoryInfo failed
[0414/090605.408:ERROR:process_reader_win.cc(233)] ReadMemory at 0x5ef77dc8 of 12 bytes failed: Only part of a ReadProcessMemory or WriteProcessMemory request was completed. (0x12B)
[0414/090605.409:WARNING:process_snapshot_win.cc(68)] ReadMemory ExceptionInformation failed
[0414/090605.410:WARNING:crash_report_exception_handler.cc(60)] ProcessSnapshotWin::Initialize failed
[0414/090605.411:ERROR:scoped_process_suspend.cc(38)] NtResumeProcess: An attempt was made to access an exiting process.  (0xc000010a)
[0414/090921.472:ERROR:process_info.cc(343)] VirtualQueryEx: Access is denied. (0x5)
[0414/090921.475:ERROR:process_info.cc(564)] ReadMemoryInfo failed
[0414/090921.476:ERROR:process_reader_win.cc(233)] ReadMemory at 0x5ef77dc8 of 12 bytes failed: Only part of a ReadProcessMemory or WriteProcessMemory request was completed. (0x12B)
[0414/090921.477:WARNING:process_snapshot_win.cc(68)] ReadMemory ExceptionInformation failed
[0414/090921.478:WARNING:crash_report_exception_handler.cc(60)] ProcessSnapshotWin::Initialize failed
[0414/090921.479:ERROR:scoped_process_suspend.cc(38)] NtResumeProcess: An attempt was made to access an exiting process.  (0xc000010a)
[0414/090922.465:ERROR:scoped_process_suspend.cc(30)] NtSuspendProcess: An attempt was made to access an exiting process.  (0xc000010a)
[0414/090922.467:ERROR:process_info.cc(116)] ReadProcessMemory bool __cdecl crashpad::`anonymous-namespace'::ReadStruct<struct crashpad::process_types::PEB<struct crashpad::process_types::internal::Traits32>>(void *,unsigned __int64,struct crashpad::process_types::PEB<struct crashpad::process_types::internal::Traits32> *): Only part of a ReadProcessMemory or WriteProcessMemory request was completed. (0x12B)
[0414/090922.469:ERROR:process_info.cc(559)] ReadProcessData failed
[0414/090922.472:ERROR:process_reader_win.cc(233)] ReadMemory at 0x5ef77dc8 of 12 bytes failed: Only part of a ReadProcessMemory or WriteProcessMemory request was completed. (0x12B)
[0414/090922.473:WARNING:process_snapshot_win.cc(68)] ReadMemory ExceptionInformation failed
[0414/090922.474:WARNING:crash_report_exception_handler.cc(60)] ProcessSnapshotWin::Initialize failed
[0414/090923.447:ERROR:process_info.cc(343)] VirtualQueryEx: Access is denied. (0x5)
[0414/090923.450:ERROR:process_info.cc(564)] ReadMemoryInfo failed
[0414/090923.454:ERROR:process_reader_win.cc(233)] ReadMemory at 0x5ef77dc8 of 12 bytes failed: Only part of a ReadProcessMemory or WriteProcessMemory request was completed. (0x12B)
[0414/090923.456:WARNING:process_snapshot_win.cc(68)] ReadMemory ExceptionInformation failed
[0414/090923.457:WARNING:crash_report_exception_handler.cc(60)] ProcessSnapshotWin::Initialize failed
[0414/090923.458:ERROR:scoped_process_suspend.cc(38)] NtResumeProcess: An attempt was made to access an exiting process.  (0xc000010a)
